<?xml version="1.0" encoding="UTF-8"?>
<testsuite name="net.faulj.test.MatrixTest" tests="1" skipped="0" failures="0" errors="0" timestamp="2025-03-04T14:44:00" hostname="4070R7" time="2.149">
  <properties/>
  <testcase name="testEigenDecompositionReal" classname="net.faulj.test.MatrixTest" time="2.149"/>
  <system-out><![CDATA[]]></system-out>
  <system-err><![CDATA[]]></system-err>
</testsuite>
